# JRE version: Java(TM) SE Runtime Environment (9.0+11) (build 9.0.1+11)
# Java VM: Java HotSpot(TM) 64-Bit Server VM (9.0.1+11, mixed mode, tiered, compressed oops, g1 gc, windows-amd64)
Heap:
 garbage-first heap   total 131072K, used 9073K [0x0000000081c00000, 0x0000000081d00400, 0x0000000100000000)
  region size 1024K, 6 young (6144K), 5 survivors (5120K)
 Metaspace       used 16148K, capacity 16525K, committed 16768K, reserved 1073152K
  class space    used 1754K, capacity 1865K, committed 1920K, reserved 1048576K
GC Heap History (8 events):
Event: 0.510 GC heap before
{Heap before GC invocations=0 (full 0):
 garbage-first heap   total 131072K, used 14336K [0x0000000081c00000, 0x0000000081d00400, 0x0000000100000000)
  region size 1024K, 14 young (14336K), 0 survivors (0K)
 Metaspace       used 9011K, capacity 9302K, committed 9472K, reserved 1058816K
  class space    used 828K, capacity 919K, committed 1024K, reserved 1048576K
}
Event: 0.515 GC heap after
{Heap after GC invocations=1 (full 0):
 garbage-first heap   total 131072K, used 3976K [0x0000000081c00000, 0x0000000081d00400, 0x0000000100000000)
  region size 1024K, 2 young (2048K), 2 survivors (2048K)
 Metaspace       used 9011K, capacity 9302K, committed 9472K, reserved 1058816K
  class space    used 828K, capacity 919K, committed 1024K, reserved 1048576K
}
Event: 0.694 GC heap before
{Heap before GC invocations=1 (full 0):
 garbage-first heap   total 131072K, used 10120K [0x0000000081c00000, 0x0000000081d00400, 0x0000000100000000)
  region size 1024K, 8 young (8192K), 2 survivors (2048K)
 Metaspace       used 10714K, capacity 11052K, committed 11136K, reserved 1058816K
  class space    used 1049K, capacity 1134K, committed 1152K, reserved 1048576K
}
Event: 0.699 GC heap after
{Heap after GC invocations=2 (full 0):
 garbage-first heap   total 131072K, used 5098K [0x0000000081c00000, 0x0000000081d00400, 0x0000000100000000)
  region size 1024K, 1 young (1024K), 1 survivors (1024K)
 Metaspace       used 10714K, capacity 11052K, committed 11136K, reserved 1058816K
  class space    used 1049K, capacity 1134K, committed 1152K, reserved 1048576K
}
Event: 1.143 GC heap before
{Heap before GC invocations=2 (full 0):
 garbage-first heap   total 131072K, used 27626K [0x0000000081c00000, 0x0000000081d00400, 0x0000000100000000)
  region size 1024K, 23 young (23552K), 1 survivors (1024K)
 Metaspace       used 13051K, capacity 13448K, committed 13568K, reserved 1060864K
  class space    used 1364K, capacity 1438K, committed 1536K, reserved 1048576K
}
Event: 1.147 GC heap after
{Heap after GC invocations=3 (full 0):
 garbage-first heap   total 131072K, used 6995K [0x0000000081c00000, 0x0000000081d00400, 0x0000000100000000)
  region size 1024K, 3 young (3072K), 3 survivors (3072K)
 Metaspace       used 13051K, capacity 13448K, committed 13568K, reserved 1060864K
  class space    used 1364K, capacity 1438K, committed 1536K, reserved 1048576K
}
Event: 1.521 GC heap before
{Heap before GC invocations=3 (full 0):
 garbage-first heap   total 131072K, used 30547K [0x0000000081c00000, 0x0000000081d00400, 0x0000000100000000)
  region size 1024K, 27 young (27648K), 3 survivors (3072K)
 Metaspace       used 16088K, capacity 16457K, committed 16512K, reserved 1073152K
  class space    used 1745K, capacity 1865K, committed 1920K, reserved 1048576K
}
Event: 1.527 GC heap after
{Heap after GC invocations=4 (full 0):
 garbage-first heap   total 131072K, used 9073K [0x0000000081c00000, 0x0000000081d00400, 0x0000000100000000)
  region size 1024K, 5 young (5120K), 5 survivors (5120K)
 Metaspace       used 16088K, capacity 16457K, committed 16512K, reserved 1073152K
  class space    used 1745K, capacity 1865K, committed 1920K, reserved 1048576K
}

